  Area.cpp
  Block.cpp
C:\KH_HOSHIKUZU\TABLE\Git\Visual_Studio\KH_EX_Hako\KH_EX_Hako\KH_EX_Hako\Block.cpp(36,41): warning C4244: “参数”: 从“_Ty”转换到“int”，可能丢失数据
C:\KH_HOSHIKUZU\TABLE\Git\Visual_Studio\KH_EX_Hako\KH_EX_Hako\KH_EX_Hako\Block.cpp(36,41): warning C4244:         with
C:\KH_HOSHIKUZU\TABLE\Git\Visual_Studio\KH_EX_Hako\KH_EX_Hako\KH_EX_Hako\Block.cpp(36,41): warning C4244:         [
C:\KH_HOSHIKUZU\TABLE\Git\Visual_Studio\KH_EX_Hako\KH_EX_Hako\KH_EX_Hako\Block.cpp(36,41): warning C4244:             _Ty=double
C:\KH_HOSHIKUZU\TABLE\Git\Visual_Studio\KH_EX_Hako\KH_EX_Hako\KH_EX_Hako\Block.cpp(36,41): warning C4244:         ]
C:\KH_HOSHIKUZU\TABLE\Git\Visual_Studio\KH_EX_Hako\KH_EX_Hako\KH_EX_Hako\Block.cpp(36,34): warning C4244: “参数”: 从“_Ty”转换到“int”，可能丢失数据
C:\KH_HOSHIKUZU\TABLE\Git\Visual_Studio\KH_EX_Hako\KH_EX_Hako\KH_EX_Hako\Block.cpp(36,34): warning C4244:         with
C:\KH_HOSHIKUZU\TABLE\Git\Visual_Studio\KH_EX_Hako\KH_EX_Hako\KH_EX_Hako\Block.cpp(36,34): warning C4244:         [
C:\KH_HOSHIKUZU\TABLE\Git\Visual_Studio\KH_EX_Hako\KH_EX_Hako\KH_EX_Hako\Block.cpp(36,34): warning C4244:             _Ty=double
C:\KH_HOSHIKUZU\TABLE\Git\Visual_Studio\KH_EX_Hako\KH_EX_Hako\KH_EX_Hako\Block.cpp(36,34): warning C4244:         ]
C:\KH_HOSHIKUZU\TABLE\Git\Visual_Studio\KH_EX_Hako\KH_EX_Hako\KH_EX_Hako\Block.cpp(36,27): warning C4244: “参数”: 从“_Ty”转换到“int”，可能丢失数据
C:\KH_HOSHIKUZU\TABLE\Git\Visual_Studio\KH_EX_Hako\KH_EX_Hako\KH_EX_Hako\Block.cpp(36,27): warning C4244:         with
C:\KH_HOSHIKUZU\TABLE\Git\Visual_Studio\KH_EX_Hako\KH_EX_Hako\KH_EX_Hako\Block.cpp(36,27): warning C4244:         [
C:\KH_HOSHIKUZU\TABLE\Git\Visual_Studio\KH_EX_Hako\KH_EX_Hako\KH_EX_Hako\Block.cpp(36,27): warning C4244:             _Ty=double
C:\KH_HOSHIKUZU\TABLE\Git\Visual_Studio\KH_EX_Hako\KH_EX_Hako\KH_EX_Hako\Block.cpp(36,27): warning C4244:         ]
C:\KH_HOSHIKUZU\TABLE\Git\Visual_Studio\KH_EX_Hako\KH_EX_Hako\KH_EX_Hako\Block.cpp(36,20): warning C4244: “参数”: 从“_Ty”转换到“int”，可能丢失数据
C:\KH_HOSHIKUZU\TABLE\Git\Visual_Studio\KH_EX_Hako\KH_EX_Hako\KH_EX_Hako\Block.cpp(36,20): warning C4244:         with
C:\KH_HOSHIKUZU\TABLE\Git\Visual_Studio\KH_EX_Hako\KH_EX_Hako\KH_EX_Hako\Block.cpp(36,20): warning C4244:         [
C:\KH_HOSHIKUZU\TABLE\Git\Visual_Studio\KH_EX_Hako\KH_EX_Hako\KH_EX_Hako\Block.cpp(36,20): warning C4244:             _Ty=double
C:\KH_HOSHIKUZU\TABLE\Git\Visual_Studio\KH_EX_Hako\KH_EX_Hako\KH_EX_Hako\Block.cpp(36,20): warning C4244:         ]
C:\KH_HOSHIKUZU\TABLE\Git\Visual_Studio\KH_EX_Hako\KH_EX_Hako\KH_EX_Hako\Block.cpp(65,17): warning C4244: “参数”: 从“double”转换到“int”，可能丢失数据
C:\KH_HOSHIKUZU\TABLE\Git\Visual_Studio\KH_EX_Hako\KH_EX_Hako\KH_EX_Hako\Block.cpp(65,12): warning C4244: “参数”: 从“double”转换到“int”，可能丢失数据
  BlockDriver.cpp
C:\KH_HOSHIKUZU\TABLE\Git\Visual_Studio\KH_EX_Hako\KH_EX_Hako\KH_EX_Hako\BlockDriver.h(31,40): warning C4244: “参数”: 从“_Ty”转换到“int”，可能丢失数据
C:\KH_HOSHIKUZU\TABLE\Git\Visual_Studio\KH_EX_Hako\KH_EX_Hako\KH_EX_Hako\BlockDriver.h(31,40): warning C4244:         with
C:\KH_HOSHIKUZU\TABLE\Git\Visual_Studio\KH_EX_Hako\KH_EX_Hako\KH_EX_Hako\BlockDriver.h(31,40): warning C4244:         [
C:\KH_HOSHIKUZU\TABLE\Git\Visual_Studio\KH_EX_Hako\KH_EX_Hako\KH_EX_Hako\BlockDriver.h(31,40): warning C4244:             _Ty=double
C:\KH_HOSHIKUZU\TABLE\Git\Visual_Studio\KH_EX_Hako\KH_EX_Hako\KH_EX_Hako\BlockDriver.h(31,40): warning C4244:         ]
  (编译源文件“BlockDriver.cpp”)
  
C:\KH_HOSHIKUZU\TABLE\Git\Visual_Studio\KH_EX_Hako\KH_EX_Hako\KH_EX_Hako\BlockDriver.h(31,31): warning C4244: “参数”: 从“_Ty”转换到“int”，可能丢失数据
C:\KH_HOSHIKUZU\TABLE\Git\Visual_Studio\KH_EX_Hako\KH_EX_Hako\KH_EX_Hako\BlockDriver.h(31,31): warning C4244:         with
C:\KH_HOSHIKUZU\TABLE\Git\Visual_Studio\KH_EX_Hako\KH_EX_Hako\KH_EX_Hako\BlockDriver.h(31,31): warning C4244:         [
C:\KH_HOSHIKUZU\TABLE\Git\Visual_Studio\KH_EX_Hako\KH_EX_Hako\KH_EX_Hako\BlockDriver.h(31,31): warning C4244:             _Ty=double
C:\KH_HOSHIKUZU\TABLE\Git\Visual_Studio\KH_EX_Hako\KH_EX_Hako\KH_EX_Hako\BlockDriver.h(31,31): warning C4244:         ]
  (编译源文件“BlockDriver.cpp”)
  
C:\KH_HOSHIKUZU\TABLE\Git\Visual_Studio\KH_EX_Hako\KH_EX_Hako\KH_EX_Hako\BlockDriver.h(32,40): warning C4244: “参数”: 从“_Ty”转换到“int”，可能丢失数据
C:\KH_HOSHIKUZU\TABLE\Git\Visual_Studio\KH_EX_Hako\KH_EX_Hako\KH_EX_Hako\BlockDriver.h(32,40): warning C4244:         with
C:\KH_HOSHIKUZU\TABLE\Git\Visual_Studio\KH_EX_Hako\KH_EX_Hako\KH_EX_Hako\BlockDriver.h(32,40): warning C4244:         [
C:\KH_HOSHIKUZU\TABLE\Git\Visual_Studio\KH_EX_Hako\KH_EX_Hako\KH_EX_Hako\BlockDriver.h(32,40): warning C4244:             _Ty=double
C:\KH_HOSHIKUZU\TABLE\Git\Visual_Studio\KH_EX_Hako\KH_EX_Hako\KH_EX_Hako\BlockDriver.h(32,40): warning C4244:         ]
  (编译源文件“BlockDriver.cpp”)
  
C:\KH_HOSHIKUZU\TABLE\Git\Visual_Studio\KH_EX_Hako\KH_EX_Hako\KH_EX_Hako\BlockDriver.h(32,31): warning C4244: “参数”: 从“_Ty”转换到“int”，可能丢失数据
C:\KH_HOSHIKUZU\TABLE\Git\Visual_Studio\KH_EX_Hako\KH_EX_Hako\KH_EX_Hako\BlockDriver.h(32,31): warning C4244:         with
C:\KH_HOSHIKUZU\TABLE\Git\Visual_Studio\KH_EX_Hako\KH_EX_Hako\KH_EX_Hako\BlockDriver.h(32,31): warning C4244:         [
C:\KH_HOSHIKUZU\TABLE\Git\Visual_Studio\KH_EX_Hako\KH_EX_Hako\KH_EX_Hako\BlockDriver.h(32,31): warning C4244:             _Ty=double
C:\KH_HOSHIKUZU\TABLE\Git\Visual_Studio\KH_EX_Hako\KH_EX_Hako\KH_EX_Hako\BlockDriver.h(32,31): warning C4244:         ]
  (编译源文件“BlockDriver.cpp”)
  
C:\KH_HOSHIKUZU\TABLE\Git\Visual_Studio\KH_EX_Hako\KH_EX_Hako\KH_EX_Hako\BlockDriver.h(33,40): warning C4244: “参数”: 从“_Ty”转换到“int”，可能丢失数据
C:\KH_HOSHIKUZU\TABLE\Git\Visual_Studio\KH_EX_Hako\KH_EX_Hako\KH_EX_Hako\BlockDriver.h(33,40): warning C4244:         with
C:\KH_HOSHIKUZU\TABLE\Git\Visual_Studio\KH_EX_Hako\KH_EX_Hako\KH_EX_Hako\BlockDriver.h(33,40): warning C4244:         [
C:\KH_HOSHIKUZU\TABLE\Git\Visual_Studio\KH_EX_Hako\KH_EX_Hako\KH_EX_Hako\BlockDriver.h(33,40): warning C4244:             _Ty=double
C:\KH_HOSHIKUZU\TABLE\Git\Visual_Studio\KH_EX_Hako\KH_EX_Hako\KH_EX_Hako\BlockDriver.h(33,40): warning C4244:         ]
  (编译源文件“BlockDriver.cpp”)
  
C:\KH_HOSHIKUZU\TABLE\Git\Visual_Studio\KH_EX_Hako\KH_EX_Hako\KH_EX_Hako\BlockDriver.h(33,31): warning C4244: “参数”: 从“_Ty”转换到“int”，可能丢失数据
C:\KH_HOSHIKUZU\TABLE\Git\Visual_Studio\KH_EX_Hako\KH_EX_Hako\KH_EX_Hako\BlockDriver.h(33,31): warning C4244:         with
C:\KH_HOSHIKUZU\TABLE\Git\Visual_Studio\KH_EX_Hako\KH_EX_Hako\KH_EX_Hako\BlockDriver.h(33,31): warning C4244:         [
C:\KH_HOSHIKUZU\TABLE\Git\Visual_Studio\KH_EX_Hako\KH_EX_Hako\KH_EX_Hako\BlockDriver.h(33,31): warning C4244:             _Ty=double
C:\KH_HOSHIKUZU\TABLE\Git\Visual_Studio\KH_EX_Hako\KH_EX_Hako\KH_EX_Hako\BlockDriver.h(33,31): warning C4244:         ]
  (编译源文件“BlockDriver.cpp”)
  
C:\KH_HOSHIKUZU\TABLE\Git\Visual_Studio\KH_EX_Hako\KH_EX_Hako\KH_EX_Hako\BlockDriver.h(34,40): warning C4244: “参数”: 从“_Ty”转换到“int”，可能丢失数据
C:\KH_HOSHIKUZU\TABLE\Git\Visual_Studio\KH_EX_Hako\KH_EX_Hako\KH_EX_Hako\BlockDriver.h(34,40): warning C4244:         with
C:\KH_HOSHIKUZU\TABLE\Git\Visual_Studio\KH_EX_Hako\KH_EX_Hako\KH_EX_Hako\BlockDriver.h(34,40): warning C4244:         [
C:\KH_HOSHIKUZU\TABLE\Git\Visual_Studio\KH_EX_Hako\KH_EX_Hako\KH_EX_Hako\BlockDriver.h(34,40): warning C4244:             _Ty=double
C:\KH_HOSHIKUZU\TABLE\Git\Visual_Studio\KH_EX_Hako\KH_EX_Hako\KH_EX_Hako\BlockDriver.h(34,40): warning C4244:         ]
  (编译源文件“BlockDriver.cpp”)
  
C:\KH_HOSHIKUZU\TABLE\Git\Visual_Studio\KH_EX_Hako\KH_EX_Hako\KH_EX_Hako\BlockDriver.h(34,31): warning C4244: “参数”: 从“_Ty”转换到“int”，可能丢失数据
C:\KH_HOSHIKUZU\TABLE\Git\Visual_Studio\KH_EX_Hako\KH_EX_Hako\KH_EX_Hako\BlockDriver.h(34,31): warning C4244:         with
C:\KH_HOSHIKUZU\TABLE\Git\Visual_Studio\KH_EX_Hako\KH_EX_Hako\KH_EX_Hako\BlockDriver.h(34,31): warning C4244:         [
C:\KH_HOSHIKUZU\TABLE\Git\Visual_Studio\KH_EX_Hako\KH_EX_Hako\KH_EX_Hako\BlockDriver.h(34,31): warning C4244:             _Ty=double
C:\KH_HOSHIKUZU\TABLE\Git\Visual_Studio\KH_EX_Hako\KH_EX_Hako\KH_EX_Hako\BlockDriver.h(34,31): warning C4244:         ]
  (编译源文件“BlockDriver.cpp”)
  
C:\KH_HOSHIKUZU\TABLE\Git\Visual_Studio\KH_EX_Hako\KH_EX_Hako\KH_EX_Hako\BlockDriver.h(35,40): warning C4244: “参数”: 从“_Ty”转换到“int”，可能丢失数据
C:\KH_HOSHIKUZU\TABLE\Git\Visual_Studio\KH_EX_Hako\KH_EX_Hako\KH_EX_Hako\BlockDriver.h(35,40): warning C4244:         with
C:\KH_HOSHIKUZU\TABLE\Git\Visual_Studio\KH_EX_Hako\KH_EX_Hako\KH_EX_Hako\BlockDriver.h(35,40): warning C4244:         [
C:\KH_HOSHIKUZU\TABLE\Git\Visual_Studio\KH_EX_Hako\KH_EX_Hako\KH_EX_Hako\BlockDriver.h(35,40): warning C4244:             _Ty=double
C:\KH_HOSHIKUZU\TABLE\Git\Visual_Studio\KH_EX_Hako\KH_EX_Hako\KH_EX_Hako\BlockDriver.h(35,40): warning C4244:         ]
  (编译源文件“BlockDriver.cpp”)
  
C:\KH_HOSHIKUZU\TABLE\Git\Visual_Studio\KH_EX_Hako\KH_EX_Hako\KH_EX_Hako\BlockDriver.h(35,31): warning C4244: “参数”: 从“_Ty”转换到“int”，可能丢失数据
C:\KH_HOSHIKUZU\TABLE\Git\Visual_Studio\KH_EX_Hako\KH_EX_Hako\KH_EX_Hako\BlockDriver.h(35,31): warning C4244:         with
C:\KH_HOSHIKUZU\TABLE\Git\Visual_Studio\KH_EX_Hako\KH_EX_Hako\KH_EX_Hako\BlockDriver.h(35,31): warning C4244:         [
C:\KH_HOSHIKUZU\TABLE\Git\Visual_Studio\KH_EX_Hako\KH_EX_Hako\KH_EX_Hako\BlockDriver.h(35,31): warning C4244:             _Ty=double
C:\KH_HOSHIKUZU\TABLE\Git\Visual_Studio\KH_EX_Hako\KH_EX_Hako\KH_EX_Hako\BlockDriver.h(35,31): warning C4244:         ]
  (编译源文件“BlockDriver.cpp”)
  
C:\KH_HOSHIKUZU\TABLE\Git\Visual_Studio\KH_EX_Hako\KH_EX_Hako\KH_EX_Hako\BlockDriver.h(36,40): warning C4244: “参数”: 从“_Ty”转换到“int”，可能丢失数据
C:\KH_HOSHIKUZU\TABLE\Git\Visual_Studio\KH_EX_Hako\KH_EX_Hako\KH_EX_Hako\BlockDriver.h(36,40): warning C4244:         with
C:\KH_HOSHIKUZU\TABLE\Git\Visual_Studio\KH_EX_Hako\KH_EX_Hako\KH_EX_Hako\BlockDriver.h(36,40): warning C4244:         [
C:\KH_HOSHIKUZU\TABLE\Git\Visual_Studio\KH_EX_Hako\KH_EX_Hako\KH_EX_Hako\BlockDriver.h(36,40): warning C4244:             _Ty=double
C:\KH_HOSHIKUZU\TABLE\Git\Visual_Studio\KH_EX_Hako\KH_EX_Hako\KH_EX_Hako\BlockDriver.h(36,40): warning C4244:         ]
  (编译源文件“BlockDriver.cpp”)
  
C:\KH_HOSHIKUZU\TABLE\Git\Visual_Studio\KH_EX_Hako\KH_EX_Hako\KH_EX_Hako\BlockDriver.h(36,31): warning C4244: “参数”: 从“_Ty”转换到“int”，可能丢失数据
C:\KH_HOSHIKUZU\TABLE\Git\Visual_Studio\KH_EX_Hako\KH_EX_Hako\KH_EX_Hako\BlockDriver.h(36,31): warning C4244:         with
C:\KH_HOSHIKUZU\TABLE\Git\Visual_Studio\KH_EX_Hako\KH_EX_Hako\KH_EX_Hako\BlockDriver.h(36,31): warning C4244:         [
C:\KH_HOSHIKUZU\TABLE\Git\Visual_Studio\KH_EX_Hako\KH_EX_Hako\KH_EX_Hako\BlockDriver.h(36,31): warning C4244:             _Ty=double
C:\KH_HOSHIKUZU\TABLE\Git\Visual_Studio\KH_EX_Hako\KH_EX_Hako\KH_EX_Hako\BlockDriver.h(36,31): warning C4244:         ]
  (编译源文件“BlockDriver.cpp”)
  
C:\KH_HOSHIKUZU\TABLE\Git\Visual_Studio\KH_EX_Hako\KH_EX_Hako\KH_EX_Hako\BlockDriver.h(37,40): warning C4244: “参数”: 从“_Ty”转换到“int”，可能丢失数据
C:\KH_HOSHIKUZU\TABLE\Git\Visual_Studio\KH_EX_Hako\KH_EX_Hako\KH_EX_Hako\BlockDriver.h(37,40): warning C4244:         with
C:\KH_HOSHIKUZU\TABLE\Git\Visual_Studio\KH_EX_Hako\KH_EX_Hako\KH_EX_Hako\BlockDriver.h(37,40): warning C4244:         [
C:\KH_HOSHIKUZU\TABLE\Git\Visual_Studio\KH_EX_Hako\KH_EX_Hako\KH_EX_Hako\BlockDriver.h(37,40): warning C4244:             _Ty=double
C:\KH_HOSHIKUZU\TABLE\Git\Visual_Studio\KH_EX_Hako\KH_EX_Hako\KH_EX_Hako\BlockDriver.h(37,40): warning C4244:         ]
  (编译源文件“BlockDriver.cpp”)
  
C:\KH_HOSHIKUZU\TABLE\Git\Visual_Studio\KH_EX_Hako\KH_EX_Hako\KH_EX_Hako\BlockDriver.h(37,31): warning C4244: “参数”: 从“_Ty”转换到“int”，可能丢失数据
C:\KH_HOSHIKUZU\TABLE\Git\Visual_Studio\KH_EX_Hako\KH_EX_Hako\KH_EX_Hako\BlockDriver.h(37,31): warning C4244:         with
C:\KH_HOSHIKUZU\TABLE\Git\Visual_Studio\KH_EX_Hako\KH_EX_Hako\KH_EX_Hako\BlockDriver.h(37,31): warning C4244:         [
C:\KH_HOSHIKUZU\TABLE\Git\Visual_Studio\KH_EX_Hako\KH_EX_Hako\KH_EX_Hako\BlockDriver.h(37,31): warning C4244:             _Ty=double
C:\KH_HOSHIKUZU\TABLE\Git\Visual_Studio\KH_EX_Hako\KH_EX_Hako\KH_EX_Hako\BlockDriver.h(37,31): warning C4244:         ]
  (编译源文件“BlockDriver.cpp”)
  
C:\KH_HOSHIKUZU\TABLE\Git\Visual_Studio\KH_EX_Hako\KH_EX_Hako\KH_EX_Hako\BlockDriver.h(38,40): warning C4244: “参数”: 从“_Ty”转换到“int”，可能丢失数据
C:\KH_HOSHIKUZU\TABLE\Git\Visual_Studio\KH_EX_Hako\KH_EX_Hako\KH_EX_Hako\BlockDriver.h(38,40): warning C4244:         with
C:\KH_HOSHIKUZU\TABLE\Git\Visual_Studio\KH_EX_Hako\KH_EX_Hako\KH_EX_Hako\BlockDriver.h(38,40): warning C4244:         [
C:\KH_HOSHIKUZU\TABLE\Git\Visual_Studio\KH_EX_Hako\KH_EX_Hako\KH_EX_Hako\BlockDriver.h(38,40): warning C4244:             _Ty=double
C:\KH_HOSHIKUZU\TABLE\Git\Visual_Studio\KH_EX_Hako\KH_EX_Hako\KH_EX_Hako\BlockDriver.h(38,40): warning C4244:         ]
  (编译源文件“BlockDriver.cpp”)
  
C:\KH_HOSHIKUZU\TABLE\Git\Visual_Studio\KH_EX_Hako\KH_EX_Hako\KH_EX_Hako\BlockDriver.h(38,31): warning C4244: “参数”: 从“_Ty”转换到“int”，可能丢失数据
C:\KH_HOSHIKUZU\TABLE\Git\Visual_Studio\KH_EX_Hako\KH_EX_Hako\KH_EX_Hako\BlockDriver.h(38,31): warning C4244:         with
C:\KH_HOSHIKUZU\TABLE\Git\Visual_Studio\KH_EX_Hako\KH_EX_Hako\KH_EX_Hako\BlockDriver.h(38,31): warning C4244:         [
C:\KH_HOSHIKUZU\TABLE\Git\Visual_Studio\KH_EX_Hako\KH_EX_Hako\KH_EX_Hako\BlockDriver.h(38,31): warning C4244:             _Ty=double
C:\KH_HOSHIKUZU\TABLE\Git\Visual_Studio\KH_EX_Hako\KH_EX_Hako\KH_EX_Hako\BlockDriver.h(38,31): warning C4244:         ]
  (编译源文件“BlockDriver.cpp”)
  
C:\KH_HOSHIKUZU\TABLE\Git\Visual_Studio\KH_EX_Hako\KH_EX_Hako\KH_EX_Hako\BlockDriver.cpp(68,36): warning C4244: “参数”: 从“_Ty”转换到“int”，可能丢失数据
C:\KH_HOSHIKUZU\TABLE\Git\Visual_Studio\KH_EX_Hako\KH_EX_Hako\KH_EX_Hako\BlockDriver.cpp(68,36): warning C4244:         with
C:\KH_HOSHIKUZU\TABLE\Git\Visual_Studio\KH_EX_Hako\KH_EX_Hako\KH_EX_Hako\BlockDriver.cpp(68,36): warning C4244:         [
C:\KH_HOSHIKUZU\TABLE\Git\Visual_Studio\KH_EX_Hako\KH_EX_Hako\KH_EX_Hako\BlockDriver.cpp(68,36): warning C4244:             _Ty=double
C:\KH_HOSHIKUZU\TABLE\Git\Visual_Studio\KH_EX_Hako\KH_EX_Hako\KH_EX_Hako\BlockDriver.cpp(68,36): warning C4244:         ]
C:\KH_HOSHIKUZU\TABLE\Git\Visual_Studio\KH_EX_Hako\KH_EX_Hako\KH_EX_Hako\BlockDriver.cpp(68,27): warning C4244: “参数”: 从“_Ty”转换到“int”，可能丢失数据
C:\KH_HOSHIKUZU\TABLE\Git\Visual_Studio\KH_EX_Hako\KH_EX_Hako\KH_EX_Hako\BlockDriver.cpp(68,27): warning C4244:         with
C:\KH_HOSHIKUZU\TABLE\Git\Visual_Studio\KH_EX_Hako\KH_EX_Hako\KH_EX_Hako\BlockDriver.cpp(68,27): warning C4244:         [
C:\KH_HOSHIKUZU\TABLE\Git\Visual_Studio\KH_EX_Hako\KH_EX_Hako\KH_EX_Hako\BlockDriver.cpp(68,27): warning C4244:             _Ty=double
C:\KH_HOSHIKUZU\TABLE\Git\Visual_Studio\KH_EX_Hako\KH_EX_Hako\KH_EX_Hako\BlockDriver.cpp(68,27): warning C4244:         ]
C:\KH_HOSHIKUZU\TABLE\Git\Visual_Studio\KH_EX_Hako\KH_EX_Hako\KH_EX_Hako\BlockDriver.cpp(69,36): warning C4244: “参数”: 从“_Ty”转换到“int”，可能丢失数据
C:\KH_HOSHIKUZU\TABLE\Git\Visual_Studio\KH_EX_Hako\KH_EX_Hako\KH_EX_Hako\BlockDriver.cpp(69,36): warning C4244:         with
C:\KH_HOSHIKUZU\TABLE\Git\Visual_Studio\KH_EX_Hako\KH_EX_Hako\KH_EX_Hako\BlockDriver.cpp(69,36): warning C4244:         [
C:\KH_HOSHIKUZU\TABLE\Git\Visual_Studio\KH_EX_Hako\KH_EX_Hako\KH_EX_Hako\BlockDriver.cpp(69,36): warning C4244:             _Ty=double
C:\KH_HOSHIKUZU\TABLE\Git\Visual_Studio\KH_EX_Hako\KH_EX_Hako\KH_EX_Hako\BlockDriver.cpp(69,36): warning C4244:         ]
C:\KH_HOSHIKUZU\TABLE\Git\Visual_Studio\KH_EX_Hako\KH_EX_Hako\KH_EX_Hako\BlockDriver.cpp(69,27): warning C4244: “参数”: 从“_Ty”转换到“int”，可能丢失数据
C:\KH_HOSHIKUZU\TABLE\Git\Visual_Studio\KH_EX_Hako\KH_EX_Hako\KH_EX_Hako\BlockDriver.cpp(69,27): warning C4244:         with
C:\KH_HOSHIKUZU\TABLE\Git\Visual_Studio\KH_EX_Hako\KH_EX_Hako\KH_EX_Hako\BlockDriver.cpp(69,27): warning C4244:         [
C:\KH_HOSHIKUZU\TABLE\Git\Visual_Studio\KH_EX_Hako\KH_EX_Hako\KH_EX_Hako\BlockDriver.cpp(69,27): warning C4244:             _Ty=double
C:\KH_HOSHIKUZU\TABLE\Git\Visual_Studio\KH_EX_Hako\KH_EX_Hako\KH_EX_Hako\BlockDriver.cpp(69,27): warning C4244:         ]
C:\KH_HOSHIKUZU\TABLE\Git\Visual_Studio\KH_EX_Hako\KH_EX_Hako\KH_EX_Hako\BlockDriver.cpp(70,36): warning C4244: “参数”: 从“_Ty”转换到“int”，可能丢失数据
C:\KH_HOSHIKUZU\TABLE\Git\Visual_Studio\KH_EX_Hako\KH_EX_Hako\KH_EX_Hako\BlockDriver.cpp(70,36): warning C4244:         with
C:\KH_HOSHIKUZU\TABLE\Git\Visual_Studio\KH_EX_Hako\KH_EX_Hako\KH_EX_Hako\BlockDriver.cpp(70,36): warning C4244:         [
C:\KH_HOSHIKUZU\TABLE\Git\Visual_Studio\KH_EX_Hako\KH_EX_Hako\KH_EX_Hako\BlockDriver.cpp(70,36): warning C4244:             _Ty=double
C:\KH_HOSHIKUZU\TABLE\Git\Visual_Studio\KH_EX_Hako\KH_EX_Hako\KH_EX_Hako\BlockDriver.cpp(70,36): warning C4244:         ]
C:\KH_HOSHIKUZU\TABLE\Git\Visual_Studio\KH_EX_Hako\KH_EX_Hako\KH_EX_Hako\BlockDriver.cpp(70,27): warning C4244: “参数”: 从“_Ty”转换到“int”，可能丢失数据
C:\KH_HOSHIKUZU\TABLE\Git\Visual_Studio\KH_EX_Hako\KH_EX_Hako\KH_EX_Hako\BlockDriver.cpp(70,27): warning C4244:         with
C:\KH_HOSHIKUZU\TABLE\Git\Visual_Studio\KH_EX_Hako\KH_EX_Hako\KH_EX_Hako\BlockDriver.cpp(70,27): warning C4244:         [
C:\KH_HOSHIKUZU\TABLE\Git\Visual_Studio\KH_EX_Hako\KH_EX_Hako\KH_EX_Hako\BlockDriver.cpp(70,27): warning C4244:             _Ty=double
C:\KH_HOSHIKUZU\TABLE\Git\Visual_Studio\KH_EX_Hako\KH_EX_Hako\KH_EX_Hako\BlockDriver.cpp(70,27): warning C4244:         ]
C:\KH_HOSHIKUZU\TABLE\Git\Visual_Studio\KH_EX_Hako\KH_EX_Hako\KH_EX_Hako\BlockDriver.cpp(71,36): warning C4244: “参数”: 从“_Ty”转换到“int”，可能丢失数据
C:\KH_HOSHIKUZU\TABLE\Git\Visual_Studio\KH_EX_Hako\KH_EX_Hako\KH_EX_Hako\BlockDriver.cpp(71,36): warning C4244:         with
C:\KH_HOSHIKUZU\TABLE\Git\Visual_Studio\KH_EX_Hako\KH_EX_Hako\KH_EX_Hako\BlockDriver.cpp(71,36): warning C4244:         [
C:\KH_HOSHIKUZU\TABLE\Git\Visual_Studio\KH_EX_Hako\KH_EX_Hako\KH_EX_Hako\BlockDriver.cpp(71,36): warning C4244:             _Ty=double
C:\KH_HOSHIKUZU\TABLE\Git\Visual_Studio\KH_EX_Hako\KH_EX_Hako\KH_EX_Hako\BlockDriver.cpp(71,36): warning C4244:         ]
C:\KH_HOSHIKUZU\TABLE\Git\Visual_Studio\KH_EX_Hako\KH_EX_Hako\KH_EX_Hako\BlockDriver.cpp(71,27): warning C4244: “参数”: 从“_Ty”转换到“int”，可能丢失数据
C:\KH_HOSHIKUZU\TABLE\Git\Visual_Studio\KH_EX_Hako\KH_EX_Hako\KH_EX_Hako\BlockDriver.cpp(71,27): warning C4244:         with
C:\KH_HOSHIKUZU\TABLE\Git\Visual_Studio\KH_EX_Hako\KH_EX_Hako\KH_EX_Hako\BlockDriver.cpp(71,27): warning C4244:         [
C:\KH_HOSHIKUZU\TABLE\Git\Visual_Studio\KH_EX_Hako\KH_EX_Hako\KH_EX_Hako\BlockDriver.cpp(71,27): warning C4244:             _Ty=double
C:\KH_HOSHIKUZU\TABLE\Git\Visual_Studio\KH_EX_Hako\KH_EX_Hako\KH_EX_Hako\BlockDriver.cpp(71,27): warning C4244:         ]
C:\KH_HOSHIKUZU\TABLE\Git\Visual_Studio\KH_EX_Hako\KH_EX_Hako\KH_EX_Hako\BlockDriver.cpp(72,36): warning C4244: “参数”: 从“_Ty”转换到“int”，可能丢失数据
C:\KH_HOSHIKUZU\TABLE\Git\Visual_Studio\KH_EX_Hako\KH_EX_Hako\KH_EX_Hako\BlockDriver.cpp(72,36): warning C4244:         with
C:\KH_HOSHIKUZU\TABLE\Git\Visual_Studio\KH_EX_Hako\KH_EX_Hako\KH_EX_Hako\BlockDriver.cpp(72,36): warning C4244:         [
C:\KH_HOSHIKUZU\TABLE\Git\Visual_Studio\KH_EX_Hako\KH_EX_Hako\KH_EX_Hako\BlockDriver.cpp(72,36): warning C4244:             _Ty=double
C:\KH_HOSHIKUZU\TABLE\Git\Visual_Studio\KH_EX_Hako\KH_EX_Hako\KH_EX_Hako\BlockDriver.cpp(72,36): warning C4244:         ]
C:\KH_HOSHIKUZU\TABLE\Git\Visual_Studio\KH_EX_Hako\KH_EX_Hako\KH_EX_Hako\BlockDriver.cpp(72,27): warning C4244: “参数”: 从“_Ty”转换到“int”，可能丢失数据
C:\KH_HOSHIKUZU\TABLE\Git\Visual_Studio\KH_EX_Hako\KH_EX_Hako\KH_EX_Hako\BlockDriver.cpp(72,27): warning C4244:         with
C:\KH_HOSHIKUZU\TABLE\Git\Visual_Studio\KH_EX_Hako\KH_EX_Hako\KH_EX_Hako\BlockDriver.cpp(72,27): warning C4244:         [
C:\KH_HOSHIKUZU\TABLE\Git\Visual_Studio\KH_EX_Hako\KH_EX_Hako\KH_EX_Hako\BlockDriver.cpp(72,27): warning C4244:             _Ty=double
C:\KH_HOSHIKUZU\TABLE\Git\Visual_Studio\KH_EX_Hako\KH_EX_Hako\KH_EX_Hako\BlockDriver.cpp(72,27): warning C4244:         ]
C:\KH_HOSHIKUZU\TABLE\Git\Visual_Studio\KH_EX_Hako\KH_EX_Hako\KH_EX_Hako\BlockDriver.cpp(73,36): warning C4244: “参数”: 从“_Ty”转换到“int”，可能丢失数据
C:\KH_HOSHIKUZU\TABLE\Git\Visual_Studio\KH_EX_Hako\KH_EX_Hako\KH_EX_Hako\BlockDriver.cpp(73,36): warning C4244:         with
C:\KH_HOSHIKUZU\TABLE\Git\Visual_Studio\KH_EX_Hako\KH_EX_Hako\KH_EX_Hako\BlockDriver.cpp(73,36): warning C4244:         [
C:\KH_HOSHIKUZU\TABLE\Git\Visual_Studio\KH_EX_Hako\KH_EX_Hako\KH_EX_Hako\BlockDriver.cpp(73,36): warning C4244:             _Ty=double
C:\KH_HOSHIKUZU\TABLE\Git\Visual_Studio\KH_EX_Hako\KH_EX_Hako\KH_EX_Hako\BlockDriver.cpp(73,36): warning C4244:         ]
C:\KH_HOSHIKUZU\TABLE\Git\Visual_Studio\KH_EX_Hako\KH_EX_Hako\KH_EX_Hako\BlockDriver.cpp(73,27): warning C4244: “参数”: 从“_Ty”转换到“int”，可能丢失数据
C:\KH_HOSHIKUZU\TABLE\Git\Visual_Studio\KH_EX_Hako\KH_EX_Hako\KH_EX_Hako\BlockDriver.cpp(73,27): warning C4244:         with
C:\KH_HOSHIKUZU\TABLE\Git\Visual_Studio\KH_EX_Hako\KH_EX_Hako\KH_EX_Hako\BlockDriver.cpp(73,27): warning C4244:         [
C:\KH_HOSHIKUZU\TABLE\Git\Visual_Studio\KH_EX_Hako\KH_EX_Hako\KH_EX_Hako\BlockDriver.cpp(73,27): warning C4244:             _Ty=double
C:\KH_HOSHIKUZU\TABLE\Git\Visual_Studio\KH_EX_Hako\KH_EX_Hako\KH_EX_Hako\BlockDriver.cpp(73,27): warning C4244:         ]
C:\KH_HOSHIKUZU\TABLE\Git\Visual_Studio\KH_EX_Hako\KH_EX_Hako\KH_EX_Hako\BlockDriver.cpp(74,36): warning C4244: “参数”: 从“_Ty”转换到“int”，可能丢失数据
C:\KH_HOSHIKUZU\TABLE\Git\Visual_Studio\KH_EX_Hako\KH_EX_Hako\KH_EX_Hako\BlockDriver.cpp(74,36): warning C4244:         with
C:\KH_HOSHIKUZU\TABLE\Git\Visual_Studio\KH_EX_Hako\KH_EX_Hako\KH_EX_Hako\BlockDriver.cpp(74,36): warning C4244:         [
C:\KH_HOSHIKUZU\TABLE\Git\Visual_Studio\KH_EX_Hako\KH_EX_Hako\KH_EX_Hako\BlockDriver.cpp(74,36): warning C4244:             _Ty=double
C:\KH_HOSHIKUZU\TABLE\Git\Visual_Studio\KH_EX_Hako\KH_EX_Hako\KH_EX_Hako\BlockDriver.cpp(74,36): warning C4244:         ]
C:\KH_HOSHIKUZU\TABLE\Git\Visual_Studio\KH_EX_Hako\KH_EX_Hako\KH_EX_Hako\BlockDriver.cpp(74,27): warning C4244: “参数”: 从“_Ty”转换到“int”，可能丢失数据
C:\KH_HOSHIKUZU\TABLE\Git\Visual_Studio\KH_EX_Hako\KH_EX_Hako\KH_EX_Hako\BlockDriver.cpp(74,27): warning C4244:         with
C:\KH_HOSHIKUZU\TABLE\Git\Visual_Studio\KH_EX_Hako\KH_EX_Hako\KH_EX_Hako\BlockDriver.cpp(74,27): warning C4244:         [
C:\KH_HOSHIKUZU\TABLE\Git\Visual_Studio\KH_EX_Hako\KH_EX_Hako\KH_EX_Hako\BlockDriver.cpp(74,27): warning C4244:             _Ty=double
C:\KH_HOSHIKUZU\TABLE\Git\Visual_Studio\KH_EX_Hako\KH_EX_Hako\KH_EX_Hako\BlockDriver.cpp(74,27): warning C4244:         ]
C:\KH_HOSHIKUZU\TABLE\Git\Visual_Studio\KH_EX_Hako\KH_EX_Hako\KH_EX_Hako\BlockDriver.cpp(75,36): warning C4244: “参数”: 从“_Ty”转换到“int”，可能丢失数据
C:\KH_HOSHIKUZU\TABLE\Git\Visual_Studio\KH_EX_Hako\KH_EX_Hako\KH_EX_Hako\BlockDriver.cpp(75,36): warning C4244:         with
C:\KH_HOSHIKUZU\TABLE\Git\Visual_Studio\KH_EX_Hako\KH_EX_Hako\KH_EX_Hako\BlockDriver.cpp(75,36): warning C4244:         [
C:\KH_HOSHIKUZU\TABLE\Git\Visual_Studio\KH_EX_Hako\KH_EX_Hako\KH_EX_Hako\BlockDriver.cpp(75,36): warning C4244:             _Ty=double
C:\KH_HOSHIKUZU\TABLE\Git\Visual_Studio\KH_EX_Hako\KH_EX_Hako\KH_EX_Hako\BlockDriver.cpp(75,36): warning C4244:         ]
C:\KH_HOSHIKUZU\TABLE\Git\Visual_Studio\KH_EX_Hako\KH_EX_Hako\KH_EX_Hako\BlockDriver.cpp(75,27): warning C4244: “参数”: 从“_Ty”转换到“int”，可能丢失数据
C:\KH_HOSHIKUZU\TABLE\Git\Visual_Studio\KH_EX_Hako\KH_EX_Hako\KH_EX_Hako\BlockDriver.cpp(75,27): warning C4244:         with
C:\KH_HOSHIKUZU\TABLE\Git\Visual_Studio\KH_EX_Hako\KH_EX_Hako\KH_EX_Hako\BlockDriver.cpp(75,27): warning C4244:         [
C:\KH_HOSHIKUZU\TABLE\Git\Visual_Studio\KH_EX_Hako\KH_EX_Hako\KH_EX_Hako\BlockDriver.cpp(75,27): warning C4244:             _Ty=double
C:\KH_HOSHIKUZU\TABLE\Git\Visual_Studio\KH_EX_Hako\KH_EX_Hako\KH_EX_Hako\BlockDriver.cpp(75,27): warning C4244:         ]
C:\KH_HOSHIKUZU\TABLE\Git\Visual_Studio\KH_EX_Hako\KH_EX_Hako\KH_EX_Hako\BlockDriver.cpp(134,25): warning C4244: “参数”: 从“_Ty”转换到“int”，可能丢失数据
C:\KH_HOSHIKUZU\TABLE\Git\Visual_Studio\KH_EX_Hako\KH_EX_Hako\KH_EX_Hako\BlockDriver.cpp(134,25): warning C4244:         with
C:\KH_HOSHIKUZU\TABLE\Git\Visual_Studio\KH_EX_Hako\KH_EX_Hako\KH_EX_Hako\BlockDriver.cpp(134,25): warning C4244:         [
C:\KH_HOSHIKUZU\TABLE\Git\Visual_Studio\KH_EX_Hako\KH_EX_Hako\KH_EX_Hako\BlockDriver.cpp(134,25): warning C4244:             _Ty=double
C:\KH_HOSHIKUZU\TABLE\Git\Visual_Studio\KH_EX_Hako\KH_EX_Hako\KH_EX_Hako\BlockDriver.cpp(134,25): warning C4244:         ]
C:\KH_HOSHIKUZU\TABLE\Git\Visual_Studio\KH_EX_Hako\KH_EX_Hako\KH_EX_Hako\BlockDriver.cpp(134,18): warning C4244: “参数”: 从“_Ty”转换到“int”，可能丢失数据
C:\KH_HOSHIKUZU\TABLE\Git\Visual_Studio\KH_EX_Hako\KH_EX_Hako\KH_EX_Hako\BlockDriver.cpp(134,18): warning C4244:         with
C:\KH_HOSHIKUZU\TABLE\Git\Visual_Studio\KH_EX_Hako\KH_EX_Hako\KH_EX_Hako\BlockDriver.cpp(134,18): warning C4244:         [
C:\KH_HOSHIKUZU\TABLE\Git\Visual_Studio\KH_EX_Hako\KH_EX_Hako\KH_EX_Hako\BlockDriver.cpp(134,18): warning C4244:             _Ty=double
C:\KH_HOSHIKUZU\TABLE\Git\Visual_Studio\KH_EX_Hako\KH_EX_Hako\KH_EX_Hako\BlockDriver.cpp(134,18): warning C4244:         ]
C:\KH_HOSHIKUZU\TABLE\Git\Visual_Studio\KH_EX_Hako\KH_EX_Hako\KH_EX_Hako\BlockDriver.cpp(135,25): warning C4244: “参数”: 从“_Ty”转换到“int”，可能丢失数据
C:\KH_HOSHIKUZU\TABLE\Git\Visual_Studio\KH_EX_Hako\KH_EX_Hako\KH_EX_Hako\BlockDriver.cpp(135,25): warning C4244:         with
C:\KH_HOSHIKUZU\TABLE\Git\Visual_Studio\KH_EX_Hako\KH_EX_Hako\KH_EX_Hako\BlockDriver.cpp(135,25): warning C4244:         [
C:\KH_HOSHIKUZU\TABLE\Git\Visual_Studio\KH_EX_Hako\KH_EX_Hako\KH_EX_Hako\BlockDriver.cpp(135,25): warning C4244:             _Ty=double
C:\KH_HOSHIKUZU\TABLE\Git\Visual_Studio\KH_EX_Hako\KH_EX_Hako\KH_EX_Hako\BlockDriver.cpp(135,25): warning C4244:         ]
C:\KH_HOSHIKUZU\TABLE\Git\Visual_Studio\KH_EX_Hako\KH_EX_Hako\KH_EX_Hako\BlockDriver.cpp(135,18): warning C4244: “参数”: 从“_Ty”转换到“int”，可能丢失数据
C:\KH_HOSHIKUZU\TABLE\Git\Visual_Studio\KH_EX_Hako\KH_EX_Hako\KH_EX_Hako\BlockDriver.cpp(135,18): warning C4244:         with
C:\KH_HOSHIKUZU\TABLE\Git\Visual_Studio\KH_EX_Hako\KH_EX_Hako\KH_EX_Hako\BlockDriver.cpp(135,18): warning C4244:         [
C:\KH_HOSHIKUZU\TABLE\Git\Visual_Studio\KH_EX_Hako\KH_EX_Hako\KH_EX_Hako\BlockDriver.cpp(135,18): warning C4244:             _Ty=double
C:\KH_HOSHIKUZU\TABLE\Git\Visual_Studio\KH_EX_Hako\KH_EX_Hako\KH_EX_Hako\BlockDriver.cpp(135,18): warning C4244:         ]
  Camera.cpp
C:\KH_HOSHIKUZU\TABLE\Git\Visual_Studio\KH_EX_Hako\KH_EX_Hako\KH_EX_Hako\Camera.h(13,13): warning C4244: “初始化”: 从“double”转换到“int”，可能丢失数据
  (编译源文件“Camera.cpp”)
  
C:\KH_HOSHIKUZU\TABLE\Git\Visual_Studio\KH_EX_Hako\KH_EX_Hako\KH_EX_Hako\Camera.h(14,13): warning C4244: “初始化”: 从“double”转换到“int”，可能丢失数据
  (编译源文件“Camera.cpp”)
  
C:\KH_HOSHIKUZU\TABLE\Git\Visual_Studio\KH_EX_Hako\KH_EX_Hako\KH_EX_Hako\Camera.h(15,13): warning C4244: “初始化”: 从“double”转换到“int”，可能丢失数据
  (编译源文件“Camera.cpp”)
  
C:\KH_HOSHIKUZU\TABLE\Git\Visual_Studio\KH_EX_Hako\KH_EX_Hako\KH_EX_Hako\Camera.h(16,13): warning C4244: “初始化”: 从“double”转换到“int”，可能丢失数据
  (编译源文件“Camera.cpp”)
  
C:\KH_HOSHIKUZU\TABLE\Git\Visual_Studio\KH_EX_Hako\KH_EX_Hako\KH_EX_Hako\Camera.cpp(58,9): warning C4244: “=”: 从“double”转换到“int”，可能丢失数据
C:\KH_HOSHIKUZU\TABLE\Git\Visual_Studio\KH_EX_Hako\KH_EX_Hako\KH_EX_Hako\Camera.cpp(59,9): warning C4244: “=”: 从“double”转换到“int”，可能丢失数据
C:\KH_HOSHIKUZU\TABLE\Git\Visual_Studio\KH_EX_Hako\KH_EX_Hako\KH_EX_Hako\Camera.cpp(60,9): warning C4244: “=”: 从“double”转换到“int”，可能丢失数据
C:\KH_HOSHIKUZU\TABLE\Git\Visual_Studio\KH_EX_Hako\KH_EX_Hako\KH_EX_Hako\Camera.cpp(61,9): warning C4244: “=”: 从“double”转换到“int”，可能丢失数据
  Cameraman.cpp
C:\KH_HOSHIKUZU\TABLE\Git\Visual_Studio\KH_EX_Hako\KH_EX_Hako\KH_EX_Hako\Camera.h(13,13): warning C4244: “初始化”: 从“double”转换到“int”，可能丢失数据
  (编译源文件“Cameraman.cpp”)
  
C:\KH_HOSHIKUZU\TABLE\Git\Visual_Studio\KH_EX_Hako\KH_EX_Hako\KH_EX_Hako\Camera.h(14,13): warning C4244: “初始化”: 从“double”转换到“int”，可能丢失数据
  (编译源文件“Cameraman.cpp”)
  
C:\KH_HOSHIKUZU\TABLE\Git\Visual_Studio\KH_EX_Hako\KH_EX_Hako\KH_EX_Hako\Camera.h(15,13): warning C4244: “初始化”: 从“double”转换到“int”，可能丢失数据
  (编译源文件“Cameraman.cpp”)
  
C:\KH_HOSHIKUZU\TABLE\Git\Visual_Studio\KH_EX_Hako\KH_EX_Hako\KH_EX_Hako\Camera.h(16,13): warning C4244: “初始化”: 从“double”转换到“int”，可能丢失数据
  (编译源文件“Cameraman.cpp”)
  
  DataPrinter.cpp
  Guides.cpp
C:\KH_HOSHIKUZU\TABLE\Git\Visual_Studio\KH_EX_Hako\KH_EX_Hako\KH_EX_Hako\Guides.cpp(29,36): warning C4244: “参数”: 从“double”转换到“int”，可能丢失数据
C:\KH_HOSHIKUZU\TABLE\Git\Visual_Studio\KH_EX_Hako\KH_EX_Hako\KH_EX_Hako\Guides.cpp(29,15): warning C4244: “参数”: 从“double”转换到“int”，可能丢失数据
C:\KH_HOSHIKUZU\TABLE\Git\Visual_Studio\KH_EX_Hako\KH_EX_Hako\KH_EX_Hako\Guides.cpp(29,10): warning C4244: “参数”: 从“double”转换到“int”，可能丢失数据
C:\KH_HOSHIKUZU\TABLE\Git\Visual_Studio\KH_EX_Hako\KH_EX_Hako\KH_EX_Hako\Guides.cpp(29,7): warning C4244: “参数”: 从“double”转换到“int”，可能丢失数据
  Library.cpp
  MainGame.cpp
C:\KH_HOSHIKUZU\TABLE\Git\Visual_Studio\KH_EX_Hako\KH_EX_Hako\KH_EX_Hako\BlockDriver.h(31,40): warning C4244: “参数”: 从“_Ty”转换到“int”，可能丢失数据
C:\KH_HOSHIKUZU\TABLE\Git\Visual_Studio\KH_EX_Hako\KH_EX_Hako\KH_EX_Hako\BlockDriver.h(31,40): warning C4244:         with
C:\KH_HOSHIKUZU\TABLE\Git\Visual_Studio\KH_EX_Hako\KH_EX_Hako\KH_EX_Hako\BlockDriver.h(31,40): warning C4244:         [
C:\KH_HOSHIKUZU\TABLE\Git\Visual_Studio\KH_EX_Hako\KH_EX_Hako\KH_EX_Hako\BlockDriver.h(31,40): warning C4244:             _Ty=double
C:\KH_HOSHIKUZU\TABLE\Git\Visual_Studio\KH_EX_Hako\KH_EX_Hako\KH_EX_Hako\BlockDriver.h(31,40): warning C4244:         ]
  (编译源文件“MainGame.cpp”)
  
C:\KH_HOSHIKUZU\TABLE\Git\Visual_Studio\KH_EX_Hako\KH_EX_Hako\KH_EX_Hako\BlockDriver.h(31,31): warning C4244: “参数”: 从“_Ty”转换到“int”，可能丢失数据
C:\KH_HOSHIKUZU\TABLE\Git\Visual_Studio\KH_EX_Hako\KH_EX_Hako\KH_EX_Hako\BlockDriver.h(31,31): warning C4244:         with
C:\KH_HOSHIKUZU\TABLE\Git\Visual_Studio\KH_EX_Hako\KH_EX_Hako\KH_EX_Hako\BlockDriver.h(31,31): warning C4244:         [
C:\KH_HOSHIKUZU\TABLE\Git\Visual_Studio\KH_EX_Hako\KH_EX_Hako\KH_EX_Hako\BlockDriver.h(31,31): warning C4244:             _Ty=double
C:\KH_HOSHIKUZU\TABLE\Git\Visual_Studio\KH_EX_Hako\KH_EX_Hako\KH_EX_Hako\BlockDriver.h(31,31): warning C4244:         ]
  (编译源文件“MainGame.cpp”)
  
C:\KH_HOSHIKUZU\TABLE\Git\Visual_Studio\KH_EX_Hako\KH_EX_Hako\KH_EX_Hako\BlockDriver.h(32,40): warning C4244: “参数”: 从“_Ty”转换到“int”，可能丢失数据
C:\KH_HOSHIKUZU\TABLE\Git\Visual_Studio\KH_EX_Hako\KH_EX_Hako\KH_EX_Hako\BlockDriver.h(32,40): warning C4244:         with
C:\KH_HOSHIKUZU\TABLE\Git\Visual_Studio\KH_EX_Hako\KH_EX_Hako\KH_EX_Hako\BlockDriver.h(32,40): warning C4244:         [
C:\KH_HOSHIKUZU\TABLE\Git\Visual_Studio\KH_EX_Hako\KH_EX_Hako\KH_EX_Hako\BlockDriver.h(32,40): warning C4244:             _Ty=double
C:\KH_HOSHIKUZU\TABLE\Git\Visual_Studio\KH_EX_Hako\KH_EX_Hako\KH_EX_Hako\BlockDriver.h(32,40): warning C4244:         ]
  (编译源文件“MainGame.cpp”)
  
C:\KH_HOSHIKUZU\TABLE\Git\Visual_Studio\KH_EX_Hako\KH_EX_Hako\KH_EX_Hako\BlockDriver.h(32,31): warning C4244: “参数”: 从“_Ty”转换到“int”，可能丢失数据
C:\KH_HOSHIKUZU\TABLE\Git\Visual_Studio\KH_EX_Hako\KH_EX_Hako\KH_EX_Hako\BlockDriver.h(32,31): warning C4244:         with
C:\KH_HOSHIKUZU\TABLE\Git\Visual_Studio\KH_EX_Hako\KH_EX_Hako\KH_EX_Hako\BlockDriver.h(32,31): warning C4244:         [
C:\KH_HOSHIKUZU\TABLE\Git\Visual_Studio\KH_EX_Hako\KH_EX_Hako\KH_EX_Hako\BlockDriver.h(32,31): warning C4244:             _Ty=double
C:\KH_HOSHIKUZU\TABLE\Git\Visual_Studio\KH_EX_Hako\KH_EX_Hako\KH_EX_Hako\BlockDriver.h(32,31): warning C4244:         ]
  (编译源文件“MainGame.cpp”)
  
C:\KH_HOSHIKUZU\TABLE\Git\Visual_Studio\KH_EX_Hako\KH_EX_Hako\KH_EX_Hako\BlockDriver.h(33,40): warning C4244: “参数”: 从“_Ty”转换到“int”，可能丢失数据
C:\KH_HOSHIKUZU\TABLE\Git\Visual_Studio\KH_EX_Hako\KH_EX_Hako\KH_EX_Hako\BlockDriver.h(33,40): warning C4244:         with
C:\KH_HOSHIKUZU\TABLE\Git\Visual_Studio\KH_EX_Hako\KH_EX_Hako\KH_EX_Hako\BlockDriver.h(33,40): warning C4244:         [
C:\KH_HOSHIKUZU\TABLE\Git\Visual_Studio\KH_EX_Hako\KH_EX_Hako\KH_EX_Hako\BlockDriver.h(33,40): warning C4244:             _Ty=double
C:\KH_HOSHIKUZU\TABLE\Git\Visual_Studio\KH_EX_Hako\KH_EX_Hako\KH_EX_Hako\BlockDriver.h(33,40): warning C4244:         ]
  (编译源文件“MainGame.cpp”)
  
C:\KH_HOSHIKUZU\TABLE\Git\Visual_Studio\KH_EX_Hako\KH_EX_Hako\KH_EX_Hako\BlockDriver.h(33,31): warning C4244: “参数”: 从“_Ty”转换到“int”，可能丢失数据
C:\KH_HOSHIKUZU\TABLE\Git\Visual_Studio\KH_EX_Hako\KH_EX_Hako\KH_EX_Hako\BlockDriver.h(33,31): warning C4244:         with
C:\KH_HOSHIKUZU\TABLE\Git\Visual_Studio\KH_EX_Hako\KH_EX_Hako\KH_EX_Hako\BlockDriver.h(33,31): warning C4244:         [
C:\KH_HOSHIKUZU\TABLE\Git\Visual_Studio\KH_EX_Hako\KH_EX_Hako\KH_EX_Hako\BlockDriver.h(33,31): warning C4244:             _Ty=double
C:\KH_HOSHIKUZU\TABLE\Git\Visual_Studio\KH_EX_Hako\KH_EX_Hako\KH_EX_Hako\BlockDriver.h(33,31): warning C4244:         ]
  (编译源文件“MainGame.cpp”)
  
C:\KH_HOSHIKUZU\TABLE\Git\Visual_Studio\KH_EX_Hako\KH_EX_Hako\KH_EX_Hako\BlockDriver.h(34,40): warning C4244: “参数”: 从“_Ty”转换到“int”，可能丢失数据
C:\KH_HOSHIKUZU\TABLE\Git\Visual_Studio\KH_EX_Hako\KH_EX_Hako\KH_EX_Hako\BlockDriver.h(34,40): warning C4244:         with
C:\KH_HOSHIKUZU\TABLE\Git\Visual_Studio\KH_EX_Hako\KH_EX_Hako\KH_EX_Hako\BlockDriver.h(34,40): warning C4244:         [
C:\KH_HOSHIKUZU\TABLE\Git\Visual_Studio\KH_EX_Hako\KH_EX_Hako\KH_EX_Hako\BlockDriver.h(34,40): warning C4244:             _Ty=double
C:\KH_HOSHIKUZU\TABLE\Git\Visual_Studio\KH_EX_Hako\KH_EX_Hako\KH_EX_Hako\BlockDriver.h(34,40): warning C4244:         ]
  (编译源文件“MainGame.cpp”)
  
C:\KH_HOSHIKUZU\TABLE\Git\Visual_Studio\KH_EX_Hako\KH_EX_Hako\KH_EX_Hako\BlockDriver.h(34,31): warning C4244: “参数”: 从“_Ty”转换到“int”，可能丢失数据
C:\KH_HOSHIKUZU\TABLE\Git\Visual_Studio\KH_EX_Hako\KH_EX_Hako\KH_EX_Hako\BlockDriver.h(34,31): warning C4244:         with
C:\KH_HOSHIKUZU\TABLE\Git\Visual_Studio\KH_EX_Hako\KH_EX_Hako\KH_EX_Hako\BlockDriver.h(34,31): warning C4244:         [
C:\KH_HOSHIKUZU\TABLE\Git\Visual_Studio\KH_EX_Hako\KH_EX_Hako\KH_EX_Hako\BlockDriver.h(34,31): warning C4244:             _Ty=double
C:\KH_HOSHIKUZU\TABLE\Git\Visual_Studio\KH_EX_Hako\KH_EX_Hako\KH_EX_Hako\BlockDriver.h(34,31): warning C4244:         ]
  (编译源文件“MainGame.cpp”)
  
C:\KH_HOSHIKUZU\TABLE\Git\Visual_Studio\KH_EX_Hako\KH_EX_Hako\KH_EX_Hako\BlockDriver.h(35,40): warning C4244: “参数”: 从“_Ty”转换到“int”，可能丢失数据
C:\KH_HOSHIKUZU\TABLE\Git\Visual_Studio\KH_EX_Hako\KH_EX_Hako\KH_EX_Hako\BlockDriver.h(35,40): warning C4244:         with
C:\KH_HOSHIKUZU\TABLE\Git\Visual_Studio\KH_EX_Hako\KH_EX_Hako\KH_EX_Hako\BlockDriver.h(35,40): warning C4244:         [
C:\KH_HOSHIKUZU\TABLE\Git\Visual_Studio\KH_EX_Hako\KH_EX_Hako\KH_EX_Hako\BlockDriver.h(35,40): warning C4244:             _Ty=double
C:\KH_HOSHIKUZU\TABLE\Git\Visual_Studio\KH_EX_Hako\KH_EX_Hako\KH_EX_Hako\BlockDriver.h(35,40): warning C4244:         ]
  (编译源文件“MainGame.cpp”)
  
C:\KH_HOSHIKUZU\TABLE\Git\Visual_Studio\KH_EX_Hako\KH_EX_Hako\KH_EX_Hako\BlockDriver.h(35,31): warning C4244: “参数”: 从“_Ty”转换到“int”，可能丢失数据
C:\KH_HOSHIKUZU\TABLE\Git\Visual_Studio\KH_EX_Hako\KH_EX_Hako\KH_EX_Hako\BlockDriver.h(35,31): warning C4244:         with
C:\KH_HOSHIKUZU\TABLE\Git\Visual_Studio\KH_EX_Hako\KH_EX_Hako\KH_EX_Hako\BlockDriver.h(35,31): warning C4244:         [
C:\KH_HOSHIKUZU\TABLE\Git\Visual_Studio\KH_EX_Hako\KH_EX_Hako\KH_EX_Hako\BlockDriver.h(35,31): warning C4244:             _Ty=double
C:\KH_HOSHIKUZU\TABLE\Git\Visual_Studio\KH_EX_Hako\KH_EX_Hako\KH_EX_Hako\BlockDriver.h(35,31): warning C4244:         ]
  (编译源文件“MainGame.cpp”)
  
C:\KH_HOSHIKUZU\TABLE\Git\Visual_Studio\KH_EX_Hako\KH_EX_Hako\KH_EX_Hako\BlockDriver.h(36,40): warning C4244: “参数”: 从“_Ty”转换到“int”，可能丢失数据
C:\KH_HOSHIKUZU\TABLE\Git\Visual_Studio\KH_EX_Hako\KH_EX_Hako\KH_EX_Hako\BlockDriver.h(36,40): warning C4244:         with
C:\KH_HOSHIKUZU\TABLE\Git\Visual_Studio\KH_EX_Hako\KH_EX_Hako\KH_EX_Hako\BlockDriver.h(36,40): warning C4244:         [
C:\KH_HOSHIKUZU\TABLE\Git\Visual_Studio\KH_EX_Hako\KH_EX_Hako\KH_EX_Hako\BlockDriver.h(36,40): warning C4244:             _Ty=double
C:\KH_HOSHIKUZU\TABLE\Git\Visual_Studio\KH_EX_Hako\KH_EX_Hako\KH_EX_Hako\BlockDriver.h(36,40): warning C4244:         ]
  (编译源文件“MainGame.cpp”)
  
C:\KH_HOSHIKUZU\TABLE\Git\Visual_Studio\KH_EX_Hako\KH_EX_Hako\KH_EX_Hako\BlockDriver.h(36,31): warning C4244: “参数”: 从“_Ty”转换到“int”，可能丢失数据
C:\KH_HOSHIKUZU\TABLE\Git\Visual_Studio\KH_EX_Hako\KH_EX_Hako\KH_EX_Hako\BlockDriver.h(36,31): warning C4244:         with
C:\KH_HOSHIKUZU\TABLE\Git\Visual_Studio\KH_EX_Hako\KH_EX_Hako\KH_EX_Hako\BlockDriver.h(36,31): warning C4244:         [
C:\KH_HOSHIKUZU\TABLE\Git\Visual_Studio\KH_EX_Hako\KH_EX_Hako\KH_EX_Hako\BlockDriver.h(36,31): warning C4244:             _Ty=double
C:\KH_HOSHIKUZU\TABLE\Git\Visual_Studio\KH_EX_Hako\KH_EX_Hako\KH_EX_Hako\BlockDriver.h(36,31): warning C4244:         ]
  (编译源文件“MainGame.cpp”)
  
C:\KH_HOSHIKUZU\TABLE\Git\Visual_Studio\KH_EX_Hako\KH_EX_Hako\KH_EX_Hako\BlockDriver.h(37,40): warning C4244: “参数”: 从“_Ty”转换到“int”，可能丢失数据
C:\KH_HOSHIKUZU\TABLE\Git\Visual_Studio\KH_EX_Hako\KH_EX_Hako\KH_EX_Hako\BlockDriver.h(37,40): warning C4244:         with
C:\KH_HOSHIKUZU\TABLE\Git\Visual_Studio\KH_EX_Hako\KH_EX_Hako\KH_EX_Hako\BlockDriver.h(37,40): warning C4244:         [
C:\KH_HOSHIKUZU\TABLE\Git\Visual_Studio\KH_EX_Hako\KH_EX_Hako\KH_EX_Hako\BlockDriver.h(37,40): warning C4244:             _Ty=double
C:\KH_HOSHIKUZU\TABLE\Git\Visual_Studio\KH_EX_Hako\KH_EX_Hako\KH_EX_Hako\BlockDriver.h(37,40): warning C4244:         ]
  (编译源文件“MainGame.cpp”)
  
C:\KH_HOSHIKUZU\TABLE\Git\Visual_Studio\KH_EX_Hako\KH_EX_Hako\KH_EX_Hako\BlockDriver.h(37,31): warning C4244: “参数”: 从“_Ty”转换到“int”，可能丢失数据
C:\KH_HOSHIKUZU\TABLE\Git\Visual_Studio\KH_EX_Hako\KH_EX_Hako\KH_EX_Hako\BlockDriver.h(37,31): warning C4244:         with
C:\KH_HOSHIKUZU\TABLE\Git\Visual_Studio\KH_EX_Hako\KH_EX_Hako\KH_EX_Hako\BlockDriver.h(37,31): warning C4244:         [
C:\KH_HOSHIKUZU\TABLE\Git\Visual_Studio\KH_EX_Hako\KH_EX_Hako\KH_EX_Hako\BlockDriver.h(37,31): warning C4244:             _Ty=double
C:\KH_HOSHIKUZU\TABLE\Git\Visual_Studio\KH_EX_Hako\KH_EX_Hako\KH_EX_Hako\BlockDriver.h(37,31): warning C4244:         ]
  (编译源文件“MainGame.cpp”)
  
C:\KH_HOSHIKUZU\TABLE\Git\Visual_Studio\KH_EX_Hako\KH_EX_Hako\KH_EX_Hako\BlockDriver.h(38,40): warning C4244: “参数”: 从“_Ty”转换到“int”，可能丢失数据
C:\KH_HOSHIKUZU\TABLE\Git\Visual_Studio\KH_EX_Hako\KH_EX_Hako\KH_EX_Hako\BlockDriver.h(38,40): warning C4244:         with
C:\KH_HOSHIKUZU\TABLE\Git\Visual_Studio\KH_EX_Hako\KH_EX_Hako\KH_EX_Hako\BlockDriver.h(38,40): warning C4244:         [
C:\KH_HOSHIKUZU\TABLE\Git\Visual_Studio\KH_EX_Hako\KH_EX_Hako\KH_EX_Hako\BlockDriver.h(38,40): warning C4244:             _Ty=double
C:\KH_HOSHIKUZU\TABLE\Git\Visual_Studio\KH_EX_Hako\KH_EX_Hako\KH_EX_Hako\BlockDriver.h(38,40): warning C4244:         ]
  (编译源文件“MainGame.cpp”)
  
C:\KH_HOSHIKUZU\TABLE\Git\Visual_Studio\KH_EX_Hako\KH_EX_Hako\KH_EX_Hako\BlockDriver.h(38,31): warning C4244: “参数”: 从“_Ty”转换到“int”，可能丢失数据
C:\KH_HOSHIKUZU\TABLE\Git\Visual_Studio\KH_EX_Hako\KH_EX_Hako\KH_EX_Hako\BlockDriver.h(38,31): warning C4244:         with
C:\KH_HOSHIKUZU\TABLE\Git\Visual_Studio\KH_EX_Hako\KH_EX_Hako\KH_EX_Hako\BlockDriver.h(38,31): warning C4244:         [
C:\KH_HOSHIKUZU\TABLE\Git\Visual_Studio\KH_EX_Hako\KH_EX_Hako\KH_EX_Hako\BlockDriver.h(38,31): warning C4244:             _Ty=double
C:\KH_HOSHIKUZU\TABLE\Git\Visual_Studio\KH_EX_Hako\KH_EX_Hako\KH_EX_Hako\BlockDriver.h(38,31): warning C4244:         ]
  (编译源文件“MainGame.cpp”)
  
C:\KH_HOSHIKUZU\TABLE\Git\Visual_Studio\KH_EX_Hako\KH_EX_Hako\KH_EX_Hako\Camera.h(13,13): warning C4244: “初始化”: 从“double”转换到“int”，可能丢失数据
  (编译源文件“MainGame.cpp”)
  
C:\KH_HOSHIKUZU\TABLE\Git\Visual_Studio\KH_EX_Hako\KH_EX_Hako\KH_EX_Hako\Camera.h(14,13): warning C4244: “初始化”: 从“double”转换到“int”，可能丢失数据
  (编译源文件“MainGame.cpp”)
  
C:\KH_HOSHIKUZU\TABLE\Git\Visual_Studio\KH_EX_Hako\KH_EX_Hako\KH_EX_Hako\Camera.h(15,13): warning C4244: “初始化”: 从“double”转换到“int”，可能丢失数据
  (编译源文件“MainGame.cpp”)
  
C:\KH_HOSHIKUZU\TABLE\Git\Visual_Studio\KH_EX_Hako\KH_EX_Hako\KH_EX_Hako\Camera.h(16,13): warning C4244: “初始化”: 从“double”转换到“int”，可能丢失数据
  (编译源文件“MainGame.cpp”)
  
C:\KH_HOSHIKUZU\TABLE\Git\Visual_Studio\KH_EX_Hako\KH_EX_Hako\KH_EX_Hako\MainGame.cpp(182,35): warning C4244: “参数”: 从“double”转换到“int”，可能丢失数据
C:\KH_HOSHIKUZU\TABLE\Git\Visual_Studio\KH_EX_Hako\KH_EX_Hako\KH_EX_Hako\MainGame.cpp(182,24): warning C4244: “参数”: 从“double”转换到“int”，可能丢失数据
  Map.cpp
  Moniter.cpp
  Object.cpp
C:\KH_HOSHIKUZU\TABLE\Git\Visual_Studio\KH_EX_Hako\KH_EX_Hako\KH_EX_Hako\Object.cpp(40,19): warning C4244: “参数”: 从“double”转换到“int”，可能丢失数据
C:\KH_HOSHIKUZU\TABLE\Git\Visual_Studio\KH_EX_Hako\KH_EX_Hako\KH_EX_Hako\Object.cpp(40,16): warning C4244: “参数”: 从“double”转换到“int”，可能丢失数据
C:\KH_HOSHIKUZU\TABLE\Git\Visual_Studio\KH_EX_Hako\KH_EX_Hako\KH_EX_Hako\Object.cpp(40,13): warning C4244: “参数”: 从“double”转换到“int”，可能丢失数据
  main.cpp
C:\KH_HOSHIKUZU\TABLE\Git\Visual_Studio\KH_EX_Hako\KH_EX_Hako\KH_EX_Hako\BlockDriver.h(31,40): warning C4244: “参数”: 从“_Ty”转换到“int”，可能丢失数据
C:\KH_HOSHIKUZU\TABLE\Git\Visual_Studio\KH_EX_Hako\KH_EX_Hako\KH_EX_Hako\BlockDriver.h(31,40): warning C4244:         with
C:\KH_HOSHIKUZU\TABLE\Git\Visual_Studio\KH_EX_Hako\KH_EX_Hako\KH_EX_Hako\BlockDriver.h(31,40): warning C4244:         [
C:\KH_HOSHIKUZU\TABLE\Git\Visual_Studio\KH_EX_Hako\KH_EX_Hako\KH_EX_Hako\BlockDriver.h(31,40): warning C4244:             _Ty=double
C:\KH_HOSHIKUZU\TABLE\Git\Visual_Studio\KH_EX_Hako\KH_EX_Hako\KH_EX_Hako\BlockDriver.h(31,40): warning C4244:         ]
  (编译源文件“main.cpp”)
  
C:\KH_HOSHIKUZU\TABLE\Git\Visual_Studio\KH_EX_Hako\KH_EX_Hako\KH_EX_Hako\BlockDriver.h(31,31): warning C4244: “参数”: 从“_Ty”转换到“int”，可能丢失数据
C:\KH_HOSHIKUZU\TABLE\Git\Visual_Studio\KH_EX_Hako\KH_EX_Hako\KH_EX_Hako\BlockDriver.h(31,31): warning C4244:         with
C:\KH_HOSHIKUZU\TABLE\Git\Visual_Studio\KH_EX_Hako\KH_EX_Hako\KH_EX_Hako\BlockDriver.h(31,31): warning C4244:         [
C:\KH_HOSHIKUZU\TABLE\Git\Visual_Studio\KH_EX_Hako\KH_EX_Hako\KH_EX_Hako\BlockDriver.h(31,31): warning C4244:             _Ty=double
C:\KH_HOSHIKUZU\TABLE\Git\Visual_Studio\KH_EX_Hako\KH_EX_Hako\KH_EX_Hako\BlockDriver.h(31,31): warning C4244:         ]
  (编译源文件“main.cpp”)
  
C:\KH_HOSHIKUZU\TABLE\Git\Visual_Studio\KH_EX_Hako\KH_EX_Hako\KH_EX_Hako\BlockDriver.h(32,40): warning C4244: “参数”: 从“_Ty”转换到“int”，可能丢失数据
C:\KH_HOSHIKUZU\TABLE\Git\Visual_Studio\KH_EX_Hako\KH_EX_Hako\KH_EX_Hako\BlockDriver.h(32,40): warning C4244:         with
C:\KH_HOSHIKUZU\TABLE\Git\Visual_Studio\KH_EX_Hako\KH_EX_Hako\KH_EX_Hako\BlockDriver.h(32,40): warning C4244:         [
C:\KH_HOSHIKUZU\TABLE\Git\Visual_Studio\KH_EX_Hako\KH_EX_Hako\KH_EX_Hako\BlockDriver.h(32,40): warning C4244:             _Ty=double
C:\KH_HOSHIKUZU\TABLE\Git\Visual_Studio\KH_EX_Hako\KH_EX_Hako\KH_EX_Hako\BlockDriver.h(32,40): warning C4244:         ]
  (编译源文件“main.cpp”)
  
C:\KH_HOSHIKUZU\TABLE\Git\Visual_Studio\KH_EX_Hako\KH_EX_Hako\KH_EX_Hako\BlockDriver.h(32,31): warning C4244: “参数”: 从“_Ty”转换到“int”，可能丢失数据
C:\KH_HOSHIKUZU\TABLE\Git\Visual_Studio\KH_EX_Hako\KH_EX_Hako\KH_EX_Hako\BlockDriver.h(32,31): warning C4244:         with
C:\KH_HOSHIKUZU\TABLE\Git\Visual_Studio\KH_EX_Hako\KH_EX_Hako\KH_EX_Hako\BlockDriver.h(32,31): warning C4244:         [
C:\KH_HOSHIKUZU\TABLE\Git\Visual_Studio\KH_EX_Hako\KH_EX_Hako\KH_EX_Hako\BlockDriver.h(32,31): warning C4244:             _Ty=double
C:\KH_HOSHIKUZU\TABLE\Git\Visual_Studio\KH_EX_Hako\KH_EX_Hako\KH_EX_Hako\BlockDriver.h(32,31): warning C4244:         ]
  (编译源文件“main.cpp”)
  
C:\KH_HOSHIKUZU\TABLE\Git\Visual_Studio\KH_EX_Hako\KH_EX_Hako\KH_EX_Hako\BlockDriver.h(33,40): warning C4244: “参数”: 从“_Ty”转换到“int”，可能丢失数据
C:\KH_HOSHIKUZU\TABLE\Git\Visual_Studio\KH_EX_Hako\KH_EX_Hako\KH_EX_Hako\BlockDriver.h(33,40): warning C4244:         with
C:\KH_HOSHIKUZU\TABLE\Git\Visual_Studio\KH_EX_Hako\KH_EX_Hako\KH_EX_Hako\BlockDriver.h(33,40): warning C4244:         [
C:\KH_HOSHIKUZU\TABLE\Git\Visual_Studio\KH_EX_Hako\KH_EX_Hako\KH_EX_Hako\BlockDriver.h(33,40): warning C4244:             _Ty=double
C:\KH_HOSHIKUZU\TABLE\Git\Visual_Studio\KH_EX_Hako\KH_EX_Hako\KH_EX_Hako\BlockDriver.h(33,40): warning C4244:         ]
  (编译源文件“main.cpp”)
  
C:\KH_HOSHIKUZU\TABLE\Git\Visual_Studio\KH_EX_Hako\KH_EX_Hako\KH_EX_Hako\BlockDriver.h(33,31): warning C4244: “参数”: 从“_Ty”转换到“int”，可能丢失数据
C:\KH_HOSHIKUZU\TABLE\Git\Visual_Studio\KH_EX_Hako\KH_EX_Hako\KH_EX_Hako\BlockDriver.h(33,31): warning C4244:         with
C:\KH_HOSHIKUZU\TABLE\Git\Visual_Studio\KH_EX_Hako\KH_EX_Hako\KH_EX_Hako\BlockDriver.h(33,31): warning C4244:         [
C:\KH_HOSHIKUZU\TABLE\Git\Visual_Studio\KH_EX_Hako\KH_EX_Hako\KH_EX_Hako\BlockDriver.h(33,31): warning C4244:             _Ty=double
C:\KH_HOSHIKUZU\TABLE\Git\Visual_Studio\KH_EX_Hako\KH_EX_Hako\KH_EX_Hako\BlockDriver.h(33,31): warning C4244:         ]
  (编译源文件“main.cpp”)
  
C:\KH_HOSHIKUZU\TABLE\Git\Visual_Studio\KH_EX_Hako\KH_EX_Hako\KH_EX_Hako\BlockDriver.h(34,40): warning C4244: “参数”: 从“_Ty”转换到“int”，可能丢失数据
C:\KH_HOSHIKUZU\TABLE\Git\Visual_Studio\KH_EX_Hako\KH_EX_Hako\KH_EX_Hako\BlockDriver.h(34,40): warning C4244:         with
C:\KH_HOSHIKUZU\TABLE\Git\Visual_Studio\KH_EX_Hako\KH_EX_Hako\KH_EX_Hako\BlockDriver.h(34,40): warning C4244:         [
C:\KH_HOSHIKUZU\TABLE\Git\Visual_Studio\KH_EX_Hako\KH_EX_Hako\KH_EX_Hako\BlockDriver.h(34,40): warning C4244:             _Ty=double
C:\KH_HOSHIKUZU\TABLE\Git\Visual_Studio\KH_EX_Hako\KH_EX_Hako\KH_EX_Hako\BlockDriver.h(34,40): warning C4244:         ]
  (编译源文件“main.cpp”)
  
C:\KH_HOSHIKUZU\TABLE\Git\Visual_Studio\KH_EX_Hako\KH_EX_Hako\KH_EX_Hako\BlockDriver.h(34,31): warning C4244: “参数”: 从“_Ty”转换到“int”，可能丢失数据
C:\KH_HOSHIKUZU\TABLE\Git\Visual_Studio\KH_EX_Hako\KH_EX_Hako\KH_EX_Hako\BlockDriver.h(34,31): warning C4244:         with
C:\KH_HOSHIKUZU\TABLE\Git\Visual_Studio\KH_EX_Hako\KH_EX_Hako\KH_EX_Hako\BlockDriver.h(34,31): warning C4244:         [
C:\KH_HOSHIKUZU\TABLE\Git\Visual_Studio\KH_EX_Hako\KH_EX_Hako\KH_EX_Hako\BlockDriver.h(34,31): warning C4244:             _Ty=double
C:\KH_HOSHIKUZU\TABLE\Git\Visual_Studio\KH_EX_Hako\KH_EX_Hako\KH_EX_Hako\BlockDriver.h(34,31): warning C4244:         ]
  (编译源文件“main.cpp”)
  
C:\KH_HOSHIKUZU\TABLE\Git\Visual_Studio\KH_EX_Hako\KH_EX_Hako\KH_EX_Hako\BlockDriver.h(35,40): warning C4244: “参数”: 从“_Ty”转换到“int”，可能丢失数据
C:\KH_HOSHIKUZU\TABLE\Git\Visual_Studio\KH_EX_Hako\KH_EX_Hako\KH_EX_Hako\BlockDriver.h(35,40): warning C4244:         with
C:\KH_HOSHIKUZU\TABLE\Git\Visual_Studio\KH_EX_Hako\KH_EX_Hako\KH_EX_Hako\BlockDriver.h(35,40): warning C4244:         [
C:\KH_HOSHIKUZU\TABLE\Git\Visual_Studio\KH_EX_Hako\KH_EX_Hako\KH_EX_Hako\BlockDriver.h(35,40): warning C4244:             _Ty=double
C:\KH_HOSHIKUZU\TABLE\Git\Visual_Studio\KH_EX_Hako\KH_EX_Hako\KH_EX_Hako\BlockDriver.h(35,40): warning C4244:         ]
  (编译源文件“main.cpp”)
  
C:\KH_HOSHIKUZU\TABLE\Git\Visual_Studio\KH_EX_Hako\KH_EX_Hako\KH_EX_Hako\BlockDriver.h(35,31): warning C4244: “参数”: 从“_Ty”转换到“int”，可能丢失数据
C:\KH_HOSHIKUZU\TABLE\Git\Visual_Studio\KH_EX_Hako\KH_EX_Hako\KH_EX_Hako\BlockDriver.h(35,31): warning C4244:         with
C:\KH_HOSHIKUZU\TABLE\Git\Visual_Studio\KH_EX_Hako\KH_EX_Hako\KH_EX_Hako\BlockDriver.h(35,31): warning C4244:         [
C:\KH_HOSHIKUZU\TABLE\Git\Visual_Studio\KH_EX_Hako\KH_EX_Hako\KH_EX_Hako\BlockDriver.h(35,31): warning C4244:             _Ty=double
C:\KH_HOSHIKUZU\TABLE\Git\Visual_Studio\KH_EX_Hako\KH_EX_Hako\KH_EX_Hako\BlockDriver.h(35,31): warning C4244:         ]
  (编译源文件“main.cpp”)
  
C:\KH_HOSHIKUZU\TABLE\Git\Visual_Studio\KH_EX_Hako\KH_EX_Hako\KH_EX_Hako\BlockDriver.h(36,40): warning C4244: “参数”: 从“_Ty”转换到“int”，可能丢失数据
C:\KH_HOSHIKUZU\TABLE\Git\Visual_Studio\KH_EX_Hako\KH_EX_Hako\KH_EX_Hako\BlockDriver.h(36,40): warning C4244:         with
C:\KH_HOSHIKUZU\TABLE\Git\Visual_Studio\KH_EX_Hako\KH_EX_Hako\KH_EX_Hako\BlockDriver.h(36,40): warning C4244:         [
C:\KH_HOSHIKUZU\TABLE\Git\Visual_Studio\KH_EX_Hako\KH_EX_Hako\KH_EX_Hako\BlockDriver.h(36,40): warning C4244:             _Ty=double
C:\KH_HOSHIKUZU\TABLE\Git\Visual_Studio\KH_EX_Hako\KH_EX_Hako\KH_EX_Hako\BlockDriver.h(36,40): warning C4244:         ]
  (编译源文件“main.cpp”)
  
C:\KH_HOSHIKUZU\TABLE\Git\Visual_Studio\KH_EX_Hako\KH_EX_Hako\KH_EX_Hako\BlockDriver.h(36,31): warning C4244: “参数”: 从“_Ty”转换到“int”，可能丢失数据
C:\KH_HOSHIKUZU\TABLE\Git\Visual_Studio\KH_EX_Hako\KH_EX_Hako\KH_EX_Hako\BlockDriver.h(36,31): warning C4244:         with
C:\KH_HOSHIKUZU\TABLE\Git\Visual_Studio\KH_EX_Hako\KH_EX_Hako\KH_EX_Hako\BlockDriver.h(36,31): warning C4244:         [
C:\KH_HOSHIKUZU\TABLE\Git\Visual_Studio\KH_EX_Hako\KH_EX_Hako\KH_EX_Hako\BlockDriver.h(36,31): warning C4244:             _Ty=double
C:\KH_HOSHIKUZU\TABLE\Git\Visual_Studio\KH_EX_Hako\KH_EX_Hako\KH_EX_Hako\BlockDriver.h(36,31): warning C4244:         ]
  (编译源文件“main.cpp”)
  
C:\KH_HOSHIKUZU\TABLE\Git\Visual_Studio\KH_EX_Hako\KH_EX_Hako\KH_EX_Hako\BlockDriver.h(37,40): warning C4244: “参数”: 从“_Ty”转换到“int”，可能丢失数据
C:\KH_HOSHIKUZU\TABLE\Git\Visual_Studio\KH_EX_Hako\KH_EX_Hako\KH_EX_Hako\BlockDriver.h(37,40): warning C4244:         with
C:\KH_HOSHIKUZU\TABLE\Git\Visual_Studio\KH_EX_Hako\KH_EX_Hako\KH_EX_Hako\BlockDriver.h(37,40): warning C4244:         [
C:\KH_HOSHIKUZU\TABLE\Git\Visual_Studio\KH_EX_Hako\KH_EX_Hako\KH_EX_Hako\BlockDriver.h(37,40): warning C4244:             _Ty=double
C:\KH_HOSHIKUZU\TABLE\Git\Visual_Studio\KH_EX_Hako\KH_EX_Hako\KH_EX_Hako\BlockDriver.h(37,40): warning C4244:         ]
  (编译源文件“main.cpp”)
  
C:\KH_HOSHIKUZU\TABLE\Git\Visual_Studio\KH_EX_Hako\KH_EX_Hako\KH_EX_Hako\BlockDriver.h(37,31): warning C4244: “参数”: 从“_Ty”转换到“int”，可能丢失数据
C:\KH_HOSHIKUZU\TABLE\Git\Visual_Studio\KH_EX_Hako\KH_EX_Hako\KH_EX_Hako\BlockDriver.h(37,31): warning C4244:         with
C:\KH_HOSHIKUZU\TABLE\Git\Visual_Studio\KH_EX_Hako\KH_EX_Hako\KH_EX_Hako\BlockDriver.h(37,31): warning C4244:         [
C:\KH_HOSHIKUZU\TABLE\Git\Visual_Studio\KH_EX_Hako\KH_EX_Hako\KH_EX_Hako\BlockDriver.h(37,31): warning C4244:             _Ty=double
C:\KH_HOSHIKUZU\TABLE\Git\Visual_Studio\KH_EX_Hako\KH_EX_Hako\KH_EX_Hako\BlockDriver.h(37,31): warning C4244:         ]
  (编译源文件“main.cpp”)
  
C:\KH_HOSHIKUZU\TABLE\Git\Visual_Studio\KH_EX_Hako\KH_EX_Hako\KH_EX_Hako\BlockDriver.h(38,40): warning C4244: “参数”: 从“_Ty”转换到“int”，可能丢失数据
C:\KH_HOSHIKUZU\TABLE\Git\Visual_Studio\KH_EX_Hako\KH_EX_Hako\KH_EX_Hako\BlockDriver.h(38,40): warning C4244:         with
C:\KH_HOSHIKUZU\TABLE\Git\Visual_Studio\KH_EX_Hako\KH_EX_Hako\KH_EX_Hako\BlockDriver.h(38,40): warning C4244:         [
C:\KH_HOSHIKUZU\TABLE\Git\Visual_Studio\KH_EX_Hako\KH_EX_Hako\KH_EX_Hako\BlockDriver.h(38,40): warning C4244:             _Ty=double
C:\KH_HOSHIKUZU\TABLE\Git\Visual_Studio\KH_EX_Hako\KH_EX_Hako\KH_EX_Hako\BlockDriver.h(38,40): warning C4244:         ]
  (编译源文件“main.cpp”)
  
C:\KH_HOSHIKUZU\TABLE\Git\Visual_Studio\KH_EX_Hako\KH_EX_Hako\KH_EX_Hako\BlockDriver.h(38,31): warning C4244: “参数”: 从“_Ty”转换到“int”，可能丢失数据
C:\KH_HOSHIKUZU\TABLE\Git\Visual_Studio\KH_EX_Hako\KH_EX_Hako\KH_EX_Hako\BlockDriver.h(38,31): warning C4244:         with
C:\KH_HOSHIKUZU\TABLE\Git\Visual_Studio\KH_EX_Hako\KH_EX_Hako\KH_EX_Hako\BlockDriver.h(38,31): warning C4244:         [
C:\KH_HOSHIKUZU\TABLE\Git\Visual_Studio\KH_EX_Hako\KH_EX_Hako\KH_EX_Hako\BlockDriver.h(38,31): warning C4244:             _Ty=double
C:\KH_HOSHIKUZU\TABLE\Git\Visual_Studio\KH_EX_Hako\KH_EX_Hako\KH_EX_Hako\BlockDriver.h(38,31): warning C4244:         ]
  (编译源文件“main.cpp”)
  
C:\KH_HOSHIKUZU\TABLE\Git\Visual_Studio\KH_EX_Hako\KH_EX_Hako\KH_EX_Hako\Camera.h(13,13): warning C4244: “初始化”: 从“double”转换到“int”，可能丢失数据
  (编译源文件“main.cpp”)
  
C:\KH_HOSHIKUZU\TABLE\Git\Visual_Studio\KH_EX_Hako\KH_EX_Hako\KH_EX_Hako\Camera.h(14,13): warning C4244: “初始化”: 从“double”转换到“int”，可能丢失数据
  (编译源文件“main.cpp”)
  
C:\KH_HOSHIKUZU\TABLE\Git\Visual_Studio\KH_EX_Hako\KH_EX_Hako\KH_EX_Hako\Camera.h(15,13): warning C4244: “初始化”: 从“double”转换到“int”，可能丢失数据
  (编译源文件“main.cpp”)
  
C:\KH_HOSHIKUZU\TABLE\Git\Visual_Studio\KH_EX_Hako\KH_EX_Hako\KH_EX_Hako\Camera.h(16,13): warning C4244: “初始化”: 从“double”转换到“int”，可能丢失数据
  (编译源文件“main.cpp”)
  
  tools.cpp
  正在生成代码...
  KH_EX_Hako.vcxproj -> C:\KH_HOSHIKUZU\TABLE\Git\Visual_Studio\KH_EX_Hako\KH_EX_Hako\x64\Debug\KH_EX_Hako.exe
